Reading data...
train shape:
(28217, 2)
valid shape:
(3529, 2)
train fold:
label
0    10295
1     7526
2     3557
3     3530
4     2463
5      191
6      655
dtype: int64
validation fold:
label
0    1329
1     899
2     458
3     415
4     325
5      32
6      71
dtype: int64
Batch size 32
Input size 224
Select CrossEntropyLoss criterion
Reading data...
train shape:
(28217, 2)
valid shape:
(3529, 2)
train fold:
label
0    10295
1     7526
2     3557
3     3530
4     2463
5      191
6      655
dtype: int64
validation fold:
label
0    1329
1     899
2     458
3     415
4     325
5      32
6      71
dtype: int64
Batch size 32
Input size 224
Select CrossEntropyLoss criterion
