Reading data...
train shape:
(28217, 2)
valid shape:
(3529, 2)
train fold:
label
0    10295
1     7526
2     3557
3     3530
4     2463
5      191
6      655
dtype: int64
validation fold:
label
0    1329
1     899
2     458
3     415
4     325
5      32
6      71
dtype: int64
Batch size 32
Input size 48
Select CrossEntropyLoss criterion
Enabling mixed precision for training...
Current learning rate: 0.001
Epoch 1 - avg_train_loss: 0.9982             avg_val_loss: 0.8168  time: 42s
Epoch 1 - Accuracy: 0.7172003400396713 - F1-score 0.691320733960366
Epoch 1 - Save Best Accuracy: 0.7172 -                 Save Best F1-score: 0.6913 Model
Number of bad epochs 0
Current learning rate: 0.001
Epoch 2 - avg_train_loss: 0.7629             avg_val_loss: 0.8166  time: 42s
Epoch 2 - Accuracy: 0.7265514310002834 - F1-score 0.7068534138012473
Epoch 2 - Save Best Accuracy: 0.7266 -                 Save Best F1-score: 0.7069 Model
Number of bad epochs 0
Current learning rate: 0.001
Epoch 3 - avg_train_loss: 0.6498             avg_val_loss: 0.6436  time: 41s
Epoch 3 - Accuracy: 0.7721734202323605 - F1-score 0.7616151140332382
Epoch 3 - Save Best Accuracy: 0.7722 -                 Save Best F1-score: 0.7616 Model
Number of bad epochs 0
Current learning rate: 0.001
Epoch 4 - avg_train_loss: 0.5667             avg_val_loss: 0.6765  time: 42s
Epoch 4 - Accuracy: 0.7642391612354775 - F1-score 0.7515317375958828
Number of bad epochs 1
Current learning rate: 0.001
Epoch 5 - avg_train_loss: 0.4870             avg_val_loss: 0.6226  time: 42s
Epoch 5 - Accuracy: 0.7820912439784642 - F1-score 0.775268939374921
Epoch 5 - Save Best Accuracy: 0.7821 -                 Save Best F1-score: 0.7753 Model
Number of bad epochs 0
Current learning rate: 0.001
Epoch 6 - avg_train_loss: 0.4139             avg_val_loss: 0.7250  time: 42s
Epoch 6 - Accuracy: 0.749220742419949 - F1-score 0.7524388999174125
Number of bad epochs 1
Current learning rate: 0.001
Epoch 7 - avg_train_loss: 0.3415             avg_val_loss: 0.7079  time: 42s
Epoch 7 - Accuracy: 0.7755738169453102 - F1-score 0.7727702054883419
Number of bad epochs 2
Current learning rate: 0.001
Epoch 8 - avg_train_loss: 0.2860             avg_val_loss: 0.7358  time: 42s
Epoch 8 - Accuracy: 0.774440351374327 - F1-score 0.7729745943994731
Number of bad epochs 3
Current learning rate: 0.001
Epoch 9 - avg_train_loss: 0.2368             avg_val_loss: 0.7367  time: 43s
Epoch 9 - Accuracy: 0.7764239161235478 - F1-score 0.7738966670854999
Number of bad epochs 4
Current learning rate: 0.001
Epoch 10 - avg_train_loss: 0.2011             avg_val_loss: 0.8440  time: 43s
Epoch 10 - Accuracy: 0.7795409464437518 - F1-score 0.7792620203174608
Number of bad epochs 5
Current learning rate: 0.001
Epoch 11 - avg_train_loss: 0.1726             avg_val_loss: 0.8378  time: 42s
Epoch 11 - Accuracy: 0.7690563899121564 - F1-score 0.7709053536831006
Number of bad epochs 6
Current learning rate: 0.001
Epoch 12 - avg_train_loss: 0.1569             avg_val_loss: 0.8674  time: 42s
Epoch 12 - Accuracy: 0.7699064890903938 - F1-score 0.7700445218784984
Number of bad epochs 7
Current learning rate: 0.001
Epoch 13 - avg_train_loss: 0.1459             avg_val_loss: 0.9255  time: 42s
Epoch 13 - Accuracy: 0.7741569849815811 - F1-score 0.771193097756454
Number of bad epochs 8
Current learning rate: 0.001
Epoch 14 - avg_train_loss: 0.1289             avg_val_loss: 0.9506  time: 42s
Epoch 14 - Accuracy: 0.7721734202323605 - F1-score 0.7701963201814921
Number of bad epochs 9
Current learning rate: 0.001
Epoch 15 - avg_train_loss: 0.1162             avg_val_loss: 0.9953  time: 42s
Epoch 15 - Accuracy: 0.772740153017852 - F1-score 0.77059659554342
Number of bad epochs 10
Current learning rate: 0.001
Epoch 16 - avg_train_loss: 0.1140             avg_val_loss: 1.0303  time: 42s
Epoch 16 - Accuracy: 0.7738736185888354 - F1-score 0.7722725290975749
Number of bad epochs 11
Stop the training, since the score has not improved for 10 epochs!
AFTER TRAINING: Epoch 5: Best Accuracy: 0.7821 -                 Best F1-score: 0.7793
